<?xml version="1.0" encoding="UTF-8"?>
<!-- Generated by org.testng.reporters.JUnitReportReporter -->
<testsuite skipped="0" hostname="VAZSITF2MR" name="vixxo.ORMBTest.AppTest" tests="1" failures="0" timestamp="10 Apr 2017 23:49:50 GMT" time="0.012" errors="0">
  <testcase name="Test1" time="0.012" classname="vixxo.ORMBTest.AppTest"/>
</testsuite> <!-- vixxo.ORMBTest.AppTest -->
